2621 [main] INFO  org.testng.internal.Utils -- [TestNG] Running:
  C:\Users\winte\AppData\Local\JetBrains\IdeaIC2024.3\temp-testng-customsuite.xml

19182 [main] INFO  com.demoqa.tests.TestBase -- Start test: loginPositiveTest
19280 [main] INFO  com.demoqa.utils.MyListener -- The locator will be foundBy.cssSelector: .card:nth-child(6)
19280 [main] INFO  com.demoqa.utils.MyListener -- *******************************************************************
19329 [main] INFO  com.demoqa.utils.MyListener -- The locator is foundBy.cssSelector: .card:nth-child(6)
19329 [main] INFO  com.demoqa.utils.MyListener -- *******************************************************************
19655 [main] INFO  com.demoqa.utils.MyListener -- The locator will be foundBy.xpath: //span[.='Login']
19655 [main] INFO  com.demoqa.utils.MyListener -- *******************************************************************
19723 [main] INFO  com.demoqa.utils.MyListener -- The locator is foundBy.xpath: //span[.='Login']
19724 [main] INFO  com.demoqa.utils.MyListener -- *******************************************************************
19886 [main] INFO  com.demoqa.utils.MyListener -- The locator will be foundBy.id: userNam
19887 [main] INFO  com.demoqa.utils.MyListener -- *******************************************************************
29996 [main] INFO  com.demoqa.utils.MyListener -- The test has a problem
29999 [main] INFO  com.demoqa.utils.MyListener -- *******************************************************************
30002 [main] INFO  com.demoqa.utils.MyListener -- Method-->findElement
30016 [main] INFO  com.demoqa.utils.MyListener -- *******************************************************************
30048 [main] INFO  com.demoqa.utils.MyListener -- Target Exception-->org.openqa.selenium.NoSuchElementException: no such element: Unable to locate element: {"method":"css selector","selector":"#userNam"}
  (Session info: chrome=136.0.7103.114)
For documentation on this error, please visit: https://www.selenium.dev/documentation/webdriver/troubleshooting/errors#no-such-element-exception
Build info: version: '4.23.0', revision: '4df0a231af'
System info: os.name: 'Windows 10', os.arch: 'amd64', os.version: '10.0', java.version: '17.0.14'
Driver info: org.openqa.selenium.chrome.ChromeDriver
Command: [da09863045962a90178156eee7de8c20, findElement {using=id, value=userNam}]
Capabilities {acceptInsecureCerts: false, browserName: chrome, browserVersion: 136.0.7103.114, chrome: {chromedriverVersion: 136.0.7103.92 (cb81a4cc5087..., userDataDir: C:\Users\winte\AppData\Loca...}, fedcm:accounts: true, goog:chromeOptions: {debuggerAddress: localhost:49384}, networkConnectionEnabled: false, pageLoadStrategy: normal, platformName: windows, proxy: Proxy(), se:cdp: ws://localhost:49384/devtoo..., se:cdpVersion: 136.0.7103.114, setWindowRect: true, strictFileInteractability: false, timeouts: {implicit: 0, pageLoad: 300000, script: 30000}, unhandledPromptBehavior: dismiss and notify, webauthn:extension:credBlob: true, webauthn:extension:largeBlob: true, webauthn:extension:minPinLength: true, webauthn:extension:prf: true, webauthn:virtualAuthenticators: true}
Session ID: da09863045962a90178156eee7de8c20
30051 [main] INFO  com.demoqa.utils.MyListener -- *******************************************************************
30052 [main] INFO  com.demoqa.utils.MyListener -- Object target-->ChromeDriver: chrome on windows (da09863045962a90178156eee7de8c20)
30053 [main] INFO  com.demoqa.utils.MyListener -- *******************************************************************
31284 [main] ERROR com.demoqa.tests.TestBase -- Test result: FAILED loginPositiveTest
31285 [main] INFO  com.demoqa.tests.TestBase -- ************************************************************
