2610 [main] INFO  org.testng.internal.Utils -- [TestNG] Running:
  C:\Users\winte\AppData\Local\JetBrains\IdeaIC2024.3\temp-testng-customsuite.xml

14800 [main] INFO  com.demoqa.tests.TestBase -- Start test: loginPositiveTest
14873 [main] INFO  com.demoqa.utils.MyListener -- The locator will be foundBy.cssSelector: .card:nth-child(6)
14873 [main] INFO  com.demoqa.utils.MyListener -- *******************************************************************
14926 [main] INFO  com.demoqa.utils.MyListener -- The locator is foundBy.cssSelector: .card:nth-child(6)
14926 [main] INFO  com.demoqa.utils.MyListener -- *******************************************************************
15148 [main] INFO  com.demoqa.utils.MyListener -- The locator will be foundBy.xpath: //span[.='Login']
15148 [main] INFO  com.demoqa.utils.MyListener -- *******************************************************************
15193 [main] INFO  com.demoqa.utils.MyListener -- The locator is foundBy.xpath: //span[.='Login']
15193 [main] INFO  com.demoqa.utils.MyListener -- *******************************************************************
15309 [main] INFO  com.demoqa.utils.MyListener -- The locator will be foundBy.id: userNam
15309 [main] INFO  com.demoqa.utils.MyListener -- *******************************************************************
25381 [main] INFO  com.demoqa.utils.MyListener -- The test has a problem
25382 [main] INFO  com.demoqa.utils.MyListener -- *******************************************************************
25382 [main] INFO  com.demoqa.utils.MyListener -- Method-->findElement
25382 [main] INFO  com.demoqa.utils.MyListener -- *******************************************************************
25388 [main] INFO  com.demoqa.utils.MyListener -- Target Exception-->org.openqa.selenium.NoSuchElementException: no such element: Unable to locate element: {"method":"css selector","selector":"#userNam"}
  (Session info: chrome=136.0.7103.114)
For documentation on this error, please visit: https://www.selenium.dev/documentation/webdriver/troubleshooting/errors#no-such-element-exception
Build info: version: '4.23.0', revision: '4df0a231af'
System info: os.name: 'Windows 10', os.arch: 'amd64', os.version: '10.0', java.version: '17.0.14'
Driver info: org.openqa.selenium.chrome.ChromeDriver
Command: [ae826d6d483c8d9778981f8ec6caa2b6, findElement {value=userNam, using=id}]
Capabilities {acceptInsecureCerts: false, browserName: chrome, browserVersion: 136.0.7103.114, chrome: {chromedriverVersion: 136.0.7103.92 (cb81a4cc5087..., userDataDir: C:\Users\winte\AppData\Loca...}, fedcm:accounts: true, goog:chromeOptions: {debuggerAddress: localhost:49209}, networkConnectionEnabled: false, pageLoadStrategy: normal, platformName: windows, proxy: Proxy(), se:cdp: ws://localhost:49209/devtoo..., se:cdpVersion: 136.0.7103.114, setWindowRect: true, strictFileInteractability: false, timeouts: {implicit: 0, pageLoad: 300000, script: 30000}, unhandledPromptBehavior: dismiss and notify, webauthn:extension:credBlob: true, webauthn:extension:largeBlob: true, webauthn:extension:minPinLength: true, webauthn:extension:prf: true, webauthn:virtualAuthenticators: true}
Session ID: ae826d6d483c8d9778981f8ec6caa2b6
25389 [main] INFO  com.demoqa.utils.MyListener -- *******************************************************************
25390 [main] INFO  com.demoqa.utils.MyListener -- Object target-->ChromeDriver: chrome on windows (ae826d6d483c8d9778981f8ec6caa2b6)
25390 [main] INFO  com.demoqa.utils.MyListener -- *******************************************************************
26580 [main] ERROR com.demoqa.tests.TestBase -- Test result: FAILED loginPositiveTest
26582 [main] INFO  com.demoqa.tests.TestBase -- ************************************************************
